CRITICAL - 2023-04-23 03:22:12 --> Undefined variable $title
in APPPATH/Controllers/Videoframe.php on line 38.
 1 APPPATH/Controllers/Videoframe.php(38): CodeIgniter\Debug\Exceptions->errorHandler()
 2 SYSTEMPATH/CodeIgniter.php(934): App\Controllers\Videoframe->upload_file()
 3 SYSTEMPATH/CodeIgniter.php(499): CodeIgniter\CodeIgniter->runController()
 4 SYSTEMPATH/CodeIgniter.php(368): CodeIgniter\CodeIgniter->handleRequest()
 5 FCPATH/index.php(67): CodeIgniter\CodeIgniter->run()
ERROR - 2023-04-23 03:22:57 --> mysqli_sql_exception: Unknown column 'filename' in 'field list' in /var/www/htdocs/project/system/Database/MySQLi/Connection.php:295
Stack trace:
#0 /var/www/htdocs/project/system/Database/MySQLi/Connection.php(295): mysqli->query()
#1 /var/www/htdocs/project/system/Database/BaseConnection.php(691): CodeIgniter\Database\MySQLi\Connection->execute()
#2 /var/www/htdocs/project/system/Database/BaseConnection.php(605): CodeIgniter\Database\BaseConnection->simpleQuery()
#3 /var/www/htdocs/project/system/Database/BaseBuilder.php(2309): CodeIgniter\Database\BaseConnection->query()
#4 /var/www/htdocs/project/app/Models/Upload_model.php(29): CodeIgniter\Database\BaseBuilder->insert()
#5 /var/www/htdocs/project/app/Controllers/Videoframe.php(38): App\Models\Upload->upload()
#6 /var/www/htdocs/project/system/CodeIgniter.php(934): App\Controllers\Videoframe->upload_file()
#7 /var/www/htdocs/project/system/CodeIgniter.php(499): CodeIgniter\CodeIgniter->runController()
#8 /var/www/htdocs/project/system/CodeIgniter.php(368): CodeIgniter\CodeIgniter->handleRequest()
#9 /var/www/htdocs/project/public/index.php(67): CodeIgniter\CodeIgniter->run()
#10 {main}
CRITICAL - 2023-04-23 03:22:57 --> Unknown column 'filename' in 'field list'
in SYSTEMPATH/Database/BaseConnection.php on line 645.
 1 SYSTEMPATH/Database/BaseBuilder.php(2309): CodeIgniter\Database\BaseConnection->query()
 2 APPPATH/Models/Upload_model.php(29): CodeIgniter\Database\BaseBuilder->insert()
 3 APPPATH/Controllers/Videoframe.php(38): App\Models\Upload->upload()
 4 SYSTEMPATH/CodeIgniter.php(934): App\Controllers\Videoframe->upload_file()
 5 SYSTEMPATH/CodeIgniter.php(499): CodeIgniter\CodeIgniter->runController()
 6 SYSTEMPATH/CodeIgniter.php(368): CodeIgniter\CodeIgniter->handleRequest()
 7 FCPATH/index.php(67): CodeIgniter\CodeIgniter->run()
CRITICAL - 2023-04-23 03:25:35 --> Undefined variable $resources
in APPPATH/Controllers/Videoframe.php on line 35.
 1 APPPATH/Controllers/Videoframe.php(35): CodeIgniter\Debug\Exceptions->errorHandler()
 2 SYSTEMPATH/CodeIgniter.php(934): App\Controllers\Videoframe->upload_file()
 3 SYSTEMPATH/CodeIgniter.php(499): CodeIgniter\CodeIgniter->runController()
 4 SYSTEMPATH/CodeIgniter.php(368): CodeIgniter\CodeIgniter->handleRequest()
 5 FCPATH/index.php(67): CodeIgniter\CodeIgniter->run()
CRITICAL - 2023-04-23 03:35:13 --> foreach() argument must be of type array|object, null given
in APPPATH/Controllers/Videoframe.php on line 35.
 1 APPPATH/Controllers/Videoframe.php(35): CodeIgniter\Debug\Exceptions->errorHandler()
 2 SYSTEMPATH/CodeIgniter.php(934): App\Controllers\Videoframe->upload_file()
 3 SYSTEMPATH/CodeIgniter.php(499): CodeIgniter\CodeIgniter->runController()
 4 SYSTEMPATH/CodeIgniter.php(368): CodeIgniter\CodeIgniter->handleRequest()
 5 FCPATH/index.php(67): CodeIgniter\CodeIgniter->run()
CRITICAL - 2023-04-23 03:36:20 --> Call to undefined method CodeIgniter\HTTP\IncomingRequest::file()
in APPPATH/Controllers/Videoframe.php on line 34.
 1 SYSTEMPATH/CodeIgniter.php(934): App\Controllers\Videoframe->upload_file()
 2 SYSTEMPATH/CodeIgniter.php(499): CodeIgniter\CodeIgniter->runController()
 3 SYSTEMPATH/CodeIgniter.php(368): CodeIgniter\CodeIgniter->handleRequest()
 4 FCPATH/index.php(67): CodeIgniter\CodeIgniter->run()
CRITICAL - 2023-04-23 03:38:27 --> foreach() argument must be of type array|object, null given
in APPPATH/Controllers/Videoframe.php on line 35.
 1 APPPATH/Controllers/Videoframe.php(35): CodeIgniter\Debug\Exceptions->errorHandler()
 2 SYSTEMPATH/CodeIgniter.php(934): App\Controllers\Videoframe->upload_file()
 3 SYSTEMPATH/CodeIgniter.php(499): CodeIgniter\CodeIgniter->runController()
 4 SYSTEMPATH/CodeIgniter.php(368): CodeIgniter\CodeIgniter->handleRequest()
 5 FCPATH/index.php(67): CodeIgniter\CodeIgniter->run()
CRITICAL - 2023-04-23 03:44:23 --> Undefined array key "name"
in APPPATH/Controllers/Videoframe.php on line 47.
 1 APPPATH/Controllers/Videoframe.php(47): CodeIgniter\Debug\Exceptions->errorHandler()
 2 SYSTEMPATH/CodeIgniter.php(934): App\Controllers\Videoframe->upload_file()
 3 SYSTEMPATH/CodeIgniter.php(499): CodeIgniter\CodeIgniter->runController()
 4 SYSTEMPATH/CodeIgniter.php(368): CodeIgniter\CodeIgniter->handleRequest()
 5 FCPATH/index.php(67): CodeIgniter\CodeIgniter->run()
CRITICAL - 2023-04-23 03:51:44 --> Undefined array key "tmp_name"
in APPPATH/Controllers/Videoframe.php on line 49.
 1 APPPATH/Controllers/Videoframe.php(49): CodeIgniter\Debug\Exceptions->errorHandler()
 2 SYSTEMPATH/CodeIgniter.php(934): App\Controllers\Videoframe->upload_file()
 3 SYSTEMPATH/CodeIgniter.php(499): CodeIgniter\CodeIgniter->runController()
 4 SYSTEMPATH/CodeIgniter.php(368): CodeIgniter\CodeIgniter->handleRequest()
 5 FCPATH/index.php(67): CodeIgniter\CodeIgniter->run()
CRITICAL - 2023-04-23 03:52:54 --> Undefined variable $file
in APPPATH/Controllers/Videoframe.php on line 49.
 1 APPPATH/Controllers/Videoframe.php(49): CodeIgniter\Debug\Exceptions->errorHandler()
 2 SYSTEMPATH/CodeIgniter.php(934): App\Controllers\Videoframe->upload_file()
 3 SYSTEMPATH/CodeIgniter.php(499): CodeIgniter\CodeIgniter->runController()
 4 SYSTEMPATH/CodeIgniter.php(368): CodeIgniter\CodeIgniter->handleRequest()
 5 FCPATH/index.php(67): CodeIgniter\CodeIgniter->run()
CRITICAL - 2023-04-23 04:00:47 --> Undefined variable $check
in APPPATH/Controllers/Videoframe.php on line 61.
 1 APPPATH/Controllers/Videoframe.php(61): CodeIgniter\Debug\Exceptions->errorHandler()
 2 SYSTEMPATH/CodeIgniter.php(934): App\Controllers\Videoframe->upload_file()
 3 SYSTEMPATH/CodeIgniter.php(499): CodeIgniter\CodeIgniter->runController()
 4 SYSTEMPATH/CodeIgniter.php(368): CodeIgniter\CodeIgniter->handleRequest()
 5 FCPATH/index.php(67): CodeIgniter\CodeIgniter->run()
CRITICAL - 2023-04-23 04:01:16 --> Undefined variable $_CHECK
in APPPATH/Controllers/Videoframe.php on line 61.
 1 APPPATH/Controllers/Videoframe.php(61): CodeIgniter\Debug\Exceptions->errorHandler()
 2 SYSTEMPATH/CodeIgniter.php(934): App\Controllers\Videoframe->upload_file()
 3 SYSTEMPATH/CodeIgniter.php(499): CodeIgniter\CodeIgniter->runController()
 4 SYSTEMPATH/CodeIgniter.php(368): CodeIgniter\CodeIgniter->handleRequest()
 5 FCPATH/index.php(67): CodeIgniter\CodeIgniter->run()
CRITICAL - 2023-04-23 04:04:58 --> Invalid file: "upload_successful.php"
in SYSTEMPATH/Exceptions/FrameworkException.php on line 33.
 1 SYSTEMPATH/View/View.php(201): CodeIgniter\Exceptions\FrameworkException::forInvalidFile()
 2 SYSTEMPATH/Common.php(1184): CodeIgniter\View\View->render()
 3 APPPATH/Controllers/Videoframe.php(59): view()
 4 SYSTEMPATH/CodeIgniter.php(934): App\Controllers\Videoframe->upload_file()
 5 SYSTEMPATH/CodeIgniter.php(499): CodeIgniter\CodeIgniter->runController()
 6 SYSTEMPATH/CodeIgniter.php(368): CodeIgniter\CodeIgniter->handleRequest()
 7 FCPATH/index.php(67): CodeIgniter\CodeIgniter->run()
CRITICAL - 2023-04-23 06:58:38 --> Undefined variable $file
in APPPATH/Controllers/Videoframe.php on line 39.
 1 APPPATH/Controllers/Videoframe.php(39): CodeIgniter\Debug\Exceptions->errorHandler()
 2 SYSTEMPATH/CodeIgniter.php(934): App\Controllers\Videoframe->upload_video()
 3 SYSTEMPATH/CodeIgniter.php(499): CodeIgniter\CodeIgniter->runController()
 4 SYSTEMPATH/CodeIgniter.php(368): CodeIgniter\CodeIgniter->handleRequest()
 5 FCPATH/index.php(67): CodeIgniter\CodeIgniter->run()
CRITICAL - 2023-04-23 06:58:40 --> Undefined variable $file
in APPPATH/Controllers/Videoframe.php on line 39.
 1 APPPATH/Controllers/Videoframe.php(39): CodeIgniter\Debug\Exceptions->errorHandler()
 2 SYSTEMPATH/CodeIgniter.php(934): App\Controllers\Videoframe->upload_video()
 3 SYSTEMPATH/CodeIgniter.php(499): CodeIgniter\CodeIgniter->runController()
 4 SYSTEMPATH/CodeIgniter.php(368): CodeIgniter\CodeIgniter->handleRequest()
 5 FCPATH/index.php(67): CodeIgniter\CodeIgniter->run()
CRITICAL - 2023-04-23 07:06:31 --> Undefined variable $file
in APPPATH/Controllers/Videoframe.php on line 39.
 1 APPPATH/Controllers/Videoframe.php(39): CodeIgniter\Debug\Exceptions->errorHandler()
 2 SYSTEMPATH/CodeIgniter.php(934): App\Controllers\Videoframe->upload_video()
 3 SYSTEMPATH/CodeIgniter.php(499): CodeIgniter\CodeIgniter->runController()
 4 SYSTEMPATH/CodeIgniter.php(368): CodeIgniter\CodeIgniter->handleRequest()
 5 FCPATH/index.php(67): CodeIgniter\CodeIgniter->run()
ERROR - 2023-04-23 07:07:02 --> mysqli_sql_exception: Unknown column 'resource' in 'field list' in /var/www/htdocs/project/system/Database/MySQLi/Connection.php:295
Stack trace:
#0 /var/www/htdocs/project/system/Database/MySQLi/Connection.php(295): mysqli->query()
#1 /var/www/htdocs/project/system/Database/BaseConnection.php(691): CodeIgniter\Database\MySQLi\Connection->execute()
#2 /var/www/htdocs/project/system/Database/BaseConnection.php(605): CodeIgniter\Database\BaseConnection->simpleQuery()
#3 /var/www/htdocs/project/system/Database/BaseBuilder.php(2309): CodeIgniter\Database\BaseConnection->query()
#4 /var/www/htdocs/project/app/Models/Upload_model.php(38): CodeIgniter\Database\BaseBuilder->insert()
#5 /var/www/htdocs/project/app/Controllers/Videoframe.php(52): App\Models\Upload->upload()
#6 /var/www/htdocs/project/system/CodeIgniter.php(934): App\Controllers\Videoframe->upload_video()
#7 /var/www/htdocs/project/system/CodeIgniter.php(499): CodeIgniter\CodeIgniter->runController()
#8 /var/www/htdocs/project/system/CodeIgniter.php(368): CodeIgniter\CodeIgniter->handleRequest()
#9 /var/www/htdocs/project/public/index.php(67): CodeIgniter\CodeIgniter->run()
#10 {main}
CRITICAL - 2023-04-23 07:07:02 --> Unknown column 'resource' in 'field list'
in SYSTEMPATH/Database/BaseConnection.php on line 645.
 1 SYSTEMPATH/Database/BaseBuilder.php(2309): CodeIgniter\Database\BaseConnection->query()
 2 APPPATH/Models/Upload_model.php(38): CodeIgniter\Database\BaseBuilder->insert()
 3 APPPATH/Controllers/Videoframe.php(52): App\Models\Upload->upload()
 4 SYSTEMPATH/CodeIgniter.php(934): App\Controllers\Videoframe->upload_video()
 5 SYSTEMPATH/CodeIgniter.php(499): CodeIgniter\CodeIgniter->runController()
 6 SYSTEMPATH/CodeIgniter.php(368): CodeIgniter\CodeIgniter->handleRequest()
 7 FCPATH/index.php(67): CodeIgniter\CodeIgniter->run()
ERROR - 2023-04-23 07:09:46 --> mysqli_sql_exception: Cannot add or update a child row: a foreign key constraint fails (`project`.`resources`, CONSTRAINT `resources_ibfk_1` FOREIGN KEY (`resource_id`) REFERENCES `video_resource` (`resource_id`) ON DELETE RESTRICT ON UPDATE RESTRICT) in /var/www/htdocs/project/system/Database/MySQLi/Connection.php:295
Stack trace:
#0 /var/www/htdocs/project/system/Database/MySQLi/Connection.php(295): mysqli->query()
#1 /var/www/htdocs/project/system/Database/BaseConnection.php(691): CodeIgniter\Database\MySQLi\Connection->execute()
#2 /var/www/htdocs/project/system/Database/BaseConnection.php(605): CodeIgniter\Database\BaseConnection->simpleQuery()
#3 /var/www/htdocs/project/system/Database/BaseBuilder.php(2309): CodeIgniter\Database\BaseConnection->query()
#4 /var/www/htdocs/project/app/Models/Upload_model.php(37): CodeIgniter\Database\BaseBuilder->insert()
#5 /var/www/htdocs/project/app/Controllers/Videoframe.php(52): App\Models\Upload->upload()
#6 /var/www/htdocs/project/system/CodeIgniter.php(934): App\Controllers\Videoframe->upload_video()
#7 /var/www/htdocs/project/system/CodeIgniter.php(499): CodeIgniter\CodeIgniter->runController()
#8 /var/www/htdocs/project/system/CodeIgniter.php(368): CodeIgniter\CodeIgniter->handleRequest()
#9 /var/www/htdocs/project/public/index.php(67): CodeIgniter\CodeIgniter->run()
#10 {main}
CRITICAL - 2023-04-23 07:09:46 --> Cannot add or update a child row: a foreign key constraint fails (`project`.`resources`, CONSTRAINT `resources_ibfk_1` FOREIGN KEY (`resource_id`) REFERENCES `video_resource` (`resource_id`) ON DELETE RESTRICT ON UPDATE RESTRICT)
in SYSTEMPATH/Database/BaseConnection.php on line 645.
 1 SYSTEMPATH/Database/BaseBuilder.php(2309): CodeIgniter\Database\BaseConnection->query()
 2 APPPATH/Models/Upload_model.php(37): CodeIgniter\Database\BaseBuilder->insert()
 3 APPPATH/Controllers/Videoframe.php(52): App\Models\Upload->upload()
 4 SYSTEMPATH/CodeIgniter.php(934): App\Controllers\Videoframe->upload_video()
 5 SYSTEMPATH/CodeIgniter.php(499): CodeIgniter\CodeIgniter->runController()
 6 SYSTEMPATH/CodeIgniter.php(368): CodeIgniter\CodeIgniter->handleRequest()
 7 FCPATH/index.php(67): CodeIgniter\CodeIgniter->run()
ERROR - 2023-04-23 07:11:28 --> mysqli_sql_exception: Cannot add or update a child row: a foreign key constraint fails (`project`.`resources`, CONSTRAINT `resources_ibfk_1` FOREIGN KEY (`resource_id`) REFERENCES `video_resource` (`resource_id`) ON DELETE RESTRICT ON UPDATE RESTRICT) in /var/www/htdocs/project/system/Database/MySQLi/Connection.php:295
Stack trace:
#0 /var/www/htdocs/project/system/Database/MySQLi/Connection.php(295): mysqli->query()
#1 /var/www/htdocs/project/system/Database/BaseConnection.php(691): CodeIgniter\Database\MySQLi\Connection->execute()
#2 /var/www/htdocs/project/system/Database/BaseConnection.php(605): CodeIgniter\Database\BaseConnection->simpleQuery()
#3 /var/www/htdocs/project/system/Database/BaseBuilder.php(2309): CodeIgniter\Database\BaseConnection->query()
#4 /var/www/htdocs/project/app/Models/Upload_model.php(37): CodeIgniter\Database\BaseBuilder->insert()
#5 /var/www/htdocs/project/app/Controllers/Videoframe.php(52): App\Models\Upload->upload()
#6 /var/www/htdocs/project/system/CodeIgniter.php(934): App\Controllers\Videoframe->upload_video()
#7 /var/www/htdocs/project/system/CodeIgniter.php(499): CodeIgniter\CodeIgniter->runController()
#8 /var/www/htdocs/project/system/CodeIgniter.php(368): CodeIgniter\CodeIgniter->handleRequest()
#9 /var/www/htdocs/project/public/index.php(67): CodeIgniter\CodeIgniter->run()
#10 {main}
CRITICAL - 2023-04-23 07:11:28 --> Cannot add or update a child row: a foreign key constraint fails (`project`.`resources`, CONSTRAINT `resources_ibfk_1` FOREIGN KEY (`resource_id`) REFERENCES `video_resource` (`resource_id`) ON DELETE RESTRICT ON UPDATE RESTRICT)
in SYSTEMPATH/Database/BaseConnection.php on line 645.
 1 SYSTEMPATH/Database/BaseBuilder.php(2309): CodeIgniter\Database\BaseConnection->query()
 2 APPPATH/Models/Upload_model.php(37): CodeIgniter\Database\BaseBuilder->insert()
 3 APPPATH/Controllers/Videoframe.php(52): App\Models\Upload->upload()
 4 SYSTEMPATH/CodeIgniter.php(934): App\Controllers\Videoframe->upload_video()
 5 SYSTEMPATH/CodeIgniter.php(499): CodeIgniter\CodeIgniter->runController()
 6 SYSTEMPATH/CodeIgniter.php(368): CodeIgniter\CodeIgniter->handleRequest()
 7 FCPATH/index.php(67): CodeIgniter\CodeIgniter->run()
CRITICAL - 2023-04-23 08:27:22 --> Call to a member function move() on array
in APPPATH/Controllers/Videoframe.php on line 46.
 1 SYSTEMPATH/CodeIgniter.php(934): App\Controllers\Videoframe->upload_video()
 2 SYSTEMPATH/CodeIgniter.php(499): CodeIgniter\CodeIgniter->runController()
 3 SYSTEMPATH/CodeIgniter.php(368): CodeIgniter\CodeIgniter->handleRequest()
 4 FCPATH/index.php(67): CodeIgniter\CodeIgniter->run()
CRITICAL - 2023-04-23 08:28:53 --> Class "App\Controllers\VideoModel" not found
in APPPATH/Controllers/Videoframe.php on line 49.
 1 SYSTEMPATH/CodeIgniter.php(934): App\Controllers\Videoframe->upload_video()
 2 SYSTEMPATH/CodeIgniter.php(499): CodeIgniter\CodeIgniter->runController()
 3 SYSTEMPATH/CodeIgniter.php(368): CodeIgniter\CodeIgniter->handleRequest()
 4 FCPATH/index.php(67): CodeIgniter\CodeIgniter->run()
ERROR - 2023-04-23 08:29:51 --> mysqli_sql_exception: Unknown column 'tag' in 'field list' in /var/www/htdocs/project/system/Database/MySQLi/Connection.php:295
Stack trace:
#0 /var/www/htdocs/project/system/Database/MySQLi/Connection.php(295): mysqli->query()
#1 /var/www/htdocs/project/system/Database/BaseConnection.php(691): CodeIgniter\Database\MySQLi\Connection->execute()
#2 /var/www/htdocs/project/system/Database/BaseConnection.php(605): CodeIgniter\Database\BaseConnection->simpleQuery()
#3 /var/www/htdocs/project/system/Database/BaseBuilder.php(2309): CodeIgniter\Database\BaseConnection->query()
#4 /var/www/htdocs/project/system/Model.php(330): CodeIgniter\Database\BaseBuilder->insert()
#5 /var/www/htdocs/project/system/BaseModel.php(782): CodeIgniter\Model->doInsert()
#6 /var/www/htdocs/project/system/Model.php(730): CodeIgniter\BaseModel->insert()
#7 /var/www/htdocs/project/app/Models/VideoModel.php(14): CodeIgniter\Model->insert()
#8 /var/www/htdocs/project/app/Controllers/Videoframe.php(59): App\Models\VideoModel->insertVideo()
#9 /var/www/htdocs/project/system/CodeIgniter.php(934): App\Controllers\Videoframe->upload_video()
#10 /var/www/htdocs/project/system/CodeIgniter.php(499): CodeIgniter\CodeIgniter->runController()
#11 /var/www/htdocs/project/system/CodeIgniter.php(368): CodeIgniter\CodeIgniter->handleRequest()
#12 /var/www/htdocs/project/public/index.php(67): CodeIgniter\CodeIgniter->run()
#13 {main}
CRITICAL - 2023-04-23 08:29:51 --> Unknown column 'tag' in 'field list'
in SYSTEMPATH/Database/BaseConnection.php on line 645.
 1 SYSTEMPATH/Database/BaseBuilder.php(2309): CodeIgniter\Database\BaseConnection->query()
 2 SYSTEMPATH/Model.php(330): CodeIgniter\Database\BaseBuilder->insert()
 3 SYSTEMPATH/BaseModel.php(782): CodeIgniter\Model->doInsert()
 4 SYSTEMPATH/Model.php(730): CodeIgniter\BaseModel->insert()
 5 APPPATH/Models/VideoModel.php(14): CodeIgniter\Model->insert()
 6 APPPATH/Controllers/Videoframe.php(59): App\Models\VideoModel->insertVideo()
 7 SYSTEMPATH/CodeIgniter.php(934): App\Controllers\Videoframe->upload_video()
 8 SYSTEMPATH/CodeIgniter.php(499): CodeIgniter\CodeIgniter->runController()
 9 SYSTEMPATH/CodeIgniter.php(368): CodeIgniter\CodeIgniter->handleRequest()
10 FCPATH/index.php(67): CodeIgniter\CodeIgniter->run()
CRITICAL - 2023-04-23 08:44:45 --> Undefined variable $model
in APPPATH/Controllers/Videoframe.php on line 62.
 1 APPPATH/Controllers/Videoframe.php(62): CodeIgniter\Debug\Exceptions->errorHandler()
 2 SYSTEMPATH/CodeIgniter.php(934): App\Controllers\Videoframe->upload_video()
 3 SYSTEMPATH/CodeIgniter.php(499): CodeIgniter\CodeIgniter->runController()
 4 SYSTEMPATH/CodeIgniter.php(368): CodeIgniter\CodeIgniter->handleRequest()
 5 FCPATH/index.php(67): CodeIgniter\CodeIgniter->run()
CRITICAL - 2023-04-23 08:45:16 --> Undefined variable $resources
in APPPATH/Controllers/Videoframe.php on line 63.
 1 APPPATH/Controllers/Videoframe.php(63): CodeIgniter\Debug\Exceptions->errorHandler()
 2 SYSTEMPATH/CodeIgniter.php(934): App\Controllers\Videoframe->upload_video()
 3 SYSTEMPATH/CodeIgniter.php(499): CodeIgniter\CodeIgniter->runController()
 4 SYSTEMPATH/CodeIgniter.php(368): CodeIgniter\CodeIgniter->handleRequest()
 5 FCPATH/index.php(67): CodeIgniter\CodeIgniter->run()
CRITICAL - 2023-04-23 08:45:37 --> Call to a member function insertResource() on null
in APPPATH/Controllers/Videoframe.php on line 66.
 1 SYSTEMPATH/CodeIgniter.php(934): App\Controllers\Videoframe->upload_video()
 2 SYSTEMPATH/CodeIgniter.php(499): CodeIgniter\CodeIgniter->runController()
 3 SYSTEMPATH/CodeIgniter.php(368): CodeIgniter\CodeIgniter->handleRequest()
 4 FCPATH/index.php(67): CodeIgniter\CodeIgniter->run()
CRITICAL - 2023-04-23 08:46:36 --> CodeIgniter\BaseModel::transformDataToArray(): Return value must be of type array, string returned
in SYSTEMPATH/BaseModel.php on line 1706.
 1 SYSTEMPATH/BaseModel.php(742): CodeIgniter\BaseModel->transformDataToArray()
 2 SYSTEMPATH/Model.php(730): CodeIgniter\BaseModel->insert()
 3 APPPATH/Models/Multi_upload_model.php(14): CodeIgniter\Model->insert()
 4 APPPATH/Controllers/Videoframe.php(66): App\Models\Multi_upload->insertResource()
 5 SYSTEMPATH/CodeIgniter.php(934): App\Controllers\Videoframe->upload_video()
 6 SYSTEMPATH/CodeIgniter.php(499): CodeIgniter\CodeIgniter->runController()
 7 SYSTEMPATH/CodeIgniter.php(368): CodeIgniter\CodeIgniter->handleRequest()
 8 FCPATH/index.php(67): CodeIgniter\CodeIgniter->run()
CRITICAL - 2023-04-23 08:47:47 --> CodeIgniter\BaseModel::transformDataToArray(): Return value must be of type array, string returned
in SYSTEMPATH/BaseModel.php on line 1706.
 1 SYSTEMPATH/BaseModel.php(742): CodeIgniter\BaseModel->transformDataToArray()
 2 SYSTEMPATH/Model.php(730): CodeIgniter\BaseModel->insert()
 3 APPPATH/Models/Multi_upload_model.php(14): CodeIgniter\Model->insert()
 4 APPPATH/Controllers/Videoframe.php(66): App\Models\Multi_upload->insertResource()
 5 SYSTEMPATH/CodeIgniter.php(934): App\Controllers\Videoframe->upload_video()
 6 SYSTEMPATH/CodeIgniter.php(499): CodeIgniter\CodeIgniter->runController()
 7 SYSTEMPATH/CodeIgniter.php(368): CodeIgniter\CodeIgniter->handleRequest()
 8 FCPATH/index.php(67): CodeIgniter\CodeIgniter->run()
CRITICAL - 2023-04-23 08:48:19 --> CodeIgniter\BaseModel::transformDataToArray(): Return value must be of type array, string returned
in SYSTEMPATH/BaseModel.php on line 1706.
 1 SYSTEMPATH/BaseModel.php(742): CodeIgniter\BaseModel->transformDataToArray()
 2 SYSTEMPATH/Model.php(730): CodeIgniter\BaseModel->insert()
 3 APPPATH/Models/Multi_upload_model.php(14): CodeIgniter\Model->insert()
 4 APPPATH/Controllers/Videoframe.php(66): App\Models\Multi_upload->insertResource()
 5 SYSTEMPATH/CodeIgniter.php(934): App\Controllers\Videoframe->upload_video()
 6 SYSTEMPATH/CodeIgniter.php(499): CodeIgniter\CodeIgniter->runController()
 7 SYSTEMPATH/CodeIgniter.php(368): CodeIgniter\CodeIgniter->handleRequest()
 8 FCPATH/index.php(67): CodeIgniter\CodeIgniter->run()
ERROR - 2023-04-23 08:50:21 --> mysqli_sql_exception: Duplicate entry '0' for key 'resources.PRIMARY' in /var/www/htdocs/project/system/Database/MySQLi/Connection.php:295
Stack trace:
#0 /var/www/htdocs/project/system/Database/MySQLi/Connection.php(295): mysqli->query()
#1 /var/www/htdocs/project/system/Database/BaseConnection.php(691): CodeIgniter\Database\MySQLi\Connection->execute()
#2 /var/www/htdocs/project/system/Database/BaseConnection.php(605): CodeIgniter\Database\BaseConnection->simpleQuery()
#3 /var/www/htdocs/project/system/Database/BaseBuilder.php(2309): CodeIgniter\Database\BaseConnection->query()
#4 /var/www/htdocs/project/system/Model.php(330): CodeIgniter\Database\BaseBuilder->insert()
#5 /var/www/htdocs/project/system/BaseModel.php(782): CodeIgniter\Model->doInsert()
#6 /var/www/htdocs/project/system/Model.php(730): CodeIgniter\BaseModel->insert()
#7 /var/www/htdocs/project/app/Models/Multi_upload_model.php(17): CodeIgniter\Model->insert()
#8 /var/www/htdocs/project/app/Controllers/Videoframe.php(66): App\Models\Multi_upload->insertResource()
#9 /var/www/htdocs/project/system/CodeIgniter.php(934): App\Controllers\Videoframe->upload_video()
#10 /var/www/htdocs/project/system/CodeIgniter.php(499): CodeIgniter\CodeIgniter->runController()
#11 /var/www/htdocs/project/system/CodeIgniter.php(368): CodeIgniter\CodeIgniter->handleRequest()
#12 /var/www/htdocs/project/public/index.php(67): CodeIgniter\CodeIgniter->run()
#13 {main}
CRITICAL - 2023-04-23 08:50:21 --> Duplicate entry '0' for key 'resources.PRIMARY'
in SYSTEMPATH/Database/BaseConnection.php on line 645.
 1 SYSTEMPATH/Database/BaseBuilder.php(2309): CodeIgniter\Database\BaseConnection->query()
 2 SYSTEMPATH/Model.php(330): CodeIgniter\Database\BaseBuilder->insert()
 3 SYSTEMPATH/BaseModel.php(782): CodeIgniter\Model->doInsert()
 4 SYSTEMPATH/Model.php(730): CodeIgniter\BaseModel->insert()
 5 APPPATH/Models/Multi_upload_model.php(17): CodeIgniter\Model->insert()
 6 APPPATH/Controllers/Videoframe.php(66): App\Models\Multi_upload->insertResource()
 7 SYSTEMPATH/CodeIgniter.php(934): App\Controllers\Videoframe->upload_video()
 8 SYSTEMPATH/CodeIgniter.php(499): CodeIgniter\CodeIgniter->runController()
 9 SYSTEMPATH/CodeIgniter.php(368): CodeIgniter\CodeIgniter->handleRequest()
10 FCPATH/index.php(67): CodeIgniter\CodeIgniter->run()
ERROR - 2023-04-23 08:50:40 --> mysqli_sql_exception: Duplicate entry '0' for key 'resources.PRIMARY' in /var/www/htdocs/project/system/Database/MySQLi/Connection.php:295
Stack trace:
#0 /var/www/htdocs/project/system/Database/MySQLi/Connection.php(295): mysqli->query()
#1 /var/www/htdocs/project/system/Database/BaseConnection.php(691): CodeIgniter\Database\MySQLi\Connection->execute()
#2 /var/www/htdocs/project/system/Database/BaseConnection.php(605): CodeIgniter\Database\BaseConnection->simpleQuery()
#3 /var/www/htdocs/project/system/Database/BaseBuilder.php(2309): CodeIgniter\Database\BaseConnection->query()
#4 /var/www/htdocs/project/system/Model.php(330): CodeIgniter\Database\BaseBuilder->insert()
#5 /var/www/htdocs/project/system/BaseModel.php(782): CodeIgniter\Model->doInsert()
#6 /var/www/htdocs/project/system/Model.php(730): CodeIgniter\BaseModel->insert()
#7 /var/www/htdocs/project/app/Models/Multi_upload_model.php(17): CodeIgniter\Model->insert()
#8 /var/www/htdocs/project/app/Controllers/Videoframe.php(66): App\Models\Multi_upload->insertResource()
#9 /var/www/htdocs/project/system/CodeIgniter.php(934): App\Controllers\Videoframe->upload_video()
#10 /var/www/htdocs/project/system/CodeIgniter.php(499): CodeIgniter\CodeIgniter->runController()
#11 /var/www/htdocs/project/system/CodeIgniter.php(368): CodeIgniter\CodeIgniter->handleRequest()
#12 /var/www/htdocs/project/public/index.php(67): CodeIgniter\CodeIgniter->run()
#13 {main}
CRITICAL - 2023-04-23 08:50:40 --> Duplicate entry '0' for key 'resources.PRIMARY'
in SYSTEMPATH/Database/BaseConnection.php on line 645.
 1 SYSTEMPATH/Database/BaseBuilder.php(2309): CodeIgniter\Database\BaseConnection->query()
 2 SYSTEMPATH/Model.php(330): CodeIgniter\Database\BaseBuilder->insert()
 3 SYSTEMPATH/BaseModel.php(782): CodeIgniter\Model->doInsert()
 4 SYSTEMPATH/Model.php(730): CodeIgniter\BaseModel->insert()
 5 APPPATH/Models/Multi_upload_model.php(17): CodeIgniter\Model->insert()
 6 APPPATH/Controllers/Videoframe.php(66): App\Models\Multi_upload->insertResource()
 7 SYSTEMPATH/CodeIgniter.php(934): App\Controllers\Videoframe->upload_video()
 8 SYSTEMPATH/CodeIgniter.php(499): CodeIgniter\CodeIgniter->runController()
 9 SYSTEMPATH/CodeIgniter.php(368): CodeIgniter\CodeIgniter->handleRequest()
10 FCPATH/index.php(67): CodeIgniter\CodeIgniter->run()
CRITICAL - 2023-04-23 08:59:48 --> The original file is not a valid file.
in SYSTEMPATH/HTTP/Files/UploadedFile.php on line 137.
 1 SYSTEMPATH/HTTP/Files/UploadedFile.php(137): CodeIgniter\HTTP\Exceptions\HTTPException::forInvalidFile()
 2 APPPATH/Controllers/Videoframe.php(46): CodeIgniter\HTTP\Files\UploadedFile->move()
 3 SYSTEMPATH/CodeIgniter.php(934): App\Controllers\Videoframe->upload_video()
 4 SYSTEMPATH/CodeIgniter.php(499): CodeIgniter\CodeIgniter->runController()
 5 SYSTEMPATH/CodeIgniter.php(368): CodeIgniter\CodeIgniter->handleRequest()
 6 FCPATH/index.php(67): CodeIgniter\CodeIgniter->run()
CRITICAL - 2023-04-23 09:04:21 --> Call to undefined method CodeIgniter\Database\MySQLi\Builder::insertID()
in APPPATH/Models/Multi_upload_model.php on line 20.
 1 APPPATH/Controllers/Videoframe.php(66): App\Models\Multi_upload->insertResource()
 2 SYSTEMPATH/CodeIgniter.php(934): App\Controllers\Videoframe->upload_video()
 3 SYSTEMPATH/CodeIgniter.php(499): CodeIgniter\CodeIgniter->runController()
 4 SYSTEMPATH/CodeIgniter.php(368): CodeIgniter\CodeIgniter->handleRequest()
 5 FCPATH/index.php(67): CodeIgniter\CodeIgniter->run()
CRITICAL - 2023-04-23 09:04:37 --> You must set the database table to be used with your query.
in SYSTEMPATH/Database/BaseConnection.php on line 882.
 1 SYSTEMPATH/Model.php(642): CodeIgniter\Database\BaseConnection->table()
 2 SYSTEMPATH/Model.php(832): CodeIgniter\Model->builder()
 3 APPPATH/Models/Multi_upload_model.php(20): CodeIgniter\Model->__call()
 4 APPPATH/Controllers/Videoframe.php(66): App\Models\Multi_upload->insertResource()
 5 SYSTEMPATH/CodeIgniter.php(934): App\Controllers\Videoframe->upload_video()
 6 SYSTEMPATH/CodeIgniter.php(499): CodeIgniter\CodeIgniter->runController()
 7 SYSTEMPATH/CodeIgniter.php(368): CodeIgniter\CodeIgniter->handleRequest()
 8 FCPATH/index.php(67): CodeIgniter\CodeIgniter->run()
CRITICAL - 2023-04-23 11:13:28 --> Too few arguments to function App\Models\User_model::register(), 1 passed in /var/www/htdocs/project/app/Controllers/Register.php on line 26 and exactly 2 expected
in APPPATH/Models/User_model.php on line 25.
 1 APPPATH/Controllers/Register.php(26): App\Models\User_model->register()
 2 SYSTEMPATH/CodeIgniter.php(934): App\Controllers\Register->register()
 3 SYSTEMPATH/CodeIgniter.php(499): CodeIgniter\CodeIgniter->runController()
 4 SYSTEMPATH/CodeIgniter.php(368): CodeIgniter\CodeIgniter->handleRequest()
 5 FCPATH/index.php(67): CodeIgniter\CodeIgniter->run()
CRITICAL - 2023-04-23 11:13:33 --> Too few arguments to function App\Models\User_model::register(), 1 passed in /var/www/htdocs/project/app/Controllers/Register.php on line 26 and exactly 2 expected
in APPPATH/Models/User_model.php on line 25.
 1 APPPATH/Controllers/Register.php(26): App\Models\User_model->register()
 2 SYSTEMPATH/CodeIgniter.php(934): App\Controllers\Register->register()
 3 SYSTEMPATH/CodeIgniter.php(499): CodeIgniter\CodeIgniter->runController()
 4 SYSTEMPATH/CodeIgniter.php(368): CodeIgniter\CodeIgniter->handleRequest()
 5 FCPATH/index.php(67): CodeIgniter\CodeIgniter->run()
CRITICAL - 2023-04-23 11:16:29 --> Allowed fields must be specified for model: "App\Models\User_model"
in SYSTEMPATH/BaseModel.php on line 1242.
 1 SYSTEMPATH/BaseModel.php(1242): CodeIgniter\Database\Exceptions\DataException::forInvalidAllowedFields()
 2 SYSTEMPATH/BaseModel.php(757): CodeIgniter\BaseModel->doProtectFields()
 3 SYSTEMPATH/Model.php(730): CodeIgniter\BaseModel->insert()
 4 APPPATH/Models/User_model.php(27): CodeIgniter\Model->insert()
 5 APPPATH/Controllers/Register.php(26): App\Models\User_model->register()
 6 SYSTEMPATH/CodeIgniter.php(934): App\Controllers\Register->register()
 7 SYSTEMPATH/CodeIgniter.php(499): CodeIgniter\CodeIgniter->runController()
 8 SYSTEMPATH/CodeIgniter.php(368): CodeIgniter\CodeIgniter->handleRequest()
 9 FCPATH/index.php(67): CodeIgniter\CodeIgniter->run()
CRITICAL - 2023-04-23 14:12:49 --> Declaration of App\Models\User_model::update($data) must be compatible with CodeIgniter\Model::update($id = null, $data = null): bool
in APPPATH/Models/User_model.php on line 33.
 1 [internal function]: CodeIgniter\Debug\Exceptions->shutdownHandler()
CRITICAL - 2023-04-23 14:22:43 --> Declaration of App\Models\User_model::update($data) must be compatible with CodeIgniter\Model::update($id = null, $data = null): bool
in APPPATH/Models/User_model.php on line 33.
 1 [internal function]: CodeIgniter\Debug\Exceptions->shutdownHandler()
CRITICAL - 2023-04-23 14:26:40 --> Declaration of App\Models\User_model::update($userId, $data) must be compatible with CodeIgniter\Model::update($id = null, $data = null): bool
in APPPATH/Models/User_model.php on line 33.
 1 [internal function]: CodeIgniter\Debug\Exceptions->shutdownHandler()
CRITICAL - 2023-04-23 14:41:30 --> There is no data to insert.
in SYSTEMPATH/BaseModel.php on line 762.
 1 SYSTEMPATH/BaseModel.php(762): CodeIgniter\Database\Exceptions\DataException::forEmptyDataset()
 2 SYSTEMPATH/Model.php(730): CodeIgniter\BaseModel->insert()
 3 APPPATH/Models/User_model.php(29): CodeIgniter\Model->insert()
 4 APPPATH/Controllers/Login.php(54): App\Models\User_model->register()
 5 SYSTEMPATH/CodeIgniter.php(934): App\Controllers\Login->check_login()
 6 SYSTEMPATH/CodeIgniter.php(499): CodeIgniter\CodeIgniter->runController()
 7 SYSTEMPATH/CodeIgniter.php(368): CodeIgniter\CodeIgniter->handleRequest()
 8 FCPATH/index.php(67): CodeIgniter\CodeIgniter->run()
CRITICAL - 2023-04-23 14:56:39 --> Call to a member function move() on null
in APPPATH/Controllers/Profile.php on line 26.
 1 SYSTEMPATH/CodeIgniter.php(934): App\Controllers\Profile->update_profile()
 2 SYSTEMPATH/CodeIgniter.php(499): CodeIgniter\CodeIgniter->runController()
 3 SYSTEMPATH/CodeIgniter.php(368): CodeIgniter\CodeIgniter->handleRequest()
 4 FCPATH/index.php(67): CodeIgniter\CodeIgniter->run()
CRITICAL - 2023-04-23 14:57:39 --> Call to a member function move() on null
in APPPATH/Controllers/Profile.php on line 26.
 1 SYSTEMPATH/CodeIgniter.php(934): App\Controllers\Profile->update_profile()
 2 SYSTEMPATH/CodeIgniter.php(499): CodeIgniter\CodeIgniter->runController()
 3 SYSTEMPATH/CodeIgniter.php(368): CodeIgniter\CodeIgniter->handleRequest()
 4 FCPATH/index.php(67): CodeIgniter\CodeIgniter->run()
CRITICAL - 2023-04-23 15:00:07 --> Call to a member function getName() on null
in APPPATH/Controllers/Profile.php on line 26.
 1 SYSTEMPATH/CodeIgniter.php(934): App\Controllers\Profile->update_profile()
 2 SYSTEMPATH/CodeIgniter.php(499): CodeIgniter\CodeIgniter->runController()
 3 SYSTEMPATH/CodeIgniter.php(368): CodeIgniter\CodeIgniter->handleRequest()
 4 FCPATH/index.php(67): CodeIgniter\CodeIgniter->run()
CRITICAL - 2023-04-23 15:01:46 --> Call to a member function getName() on null
in APPPATH/Controllers/Profile.php on line 26.
 1 SYSTEMPATH/CodeIgniter.php(934): App\Controllers\Profile->update_profile()
 2 SYSTEMPATH/CodeIgniter.php(499): CodeIgniter\CodeIgniter->runController()
 3 SYSTEMPATH/CodeIgniter.php(368): CodeIgniter\CodeIgniter->handleRequest()
 4 FCPATH/index.php(67): CodeIgniter\CodeIgniter->run()
CRITICAL - 2023-04-23 15:05:45 --> Undefined variable $userId
in APPPATH/Controllers/Profile.php on line 43.
 1 APPPATH/Controllers/Profile.php(43): CodeIgniter\Debug\Exceptions->errorHandler()
 2 SYSTEMPATH/CodeIgniter.php(934): App\Controllers\Profile->update_profile()
 3 SYSTEMPATH/CodeIgniter.php(499): CodeIgniter\CodeIgniter->runController()
 4 SYSTEMPATH/CodeIgniter.php(368): CodeIgniter\CodeIgniter->handleRequest()
 5 FCPATH/index.php(67): CodeIgniter\CodeIgniter->run()
CRITICAL - 2023-04-23 15:06:12 --> There is no data to update.
in SYSTEMPATH/BaseModel.php on line 1680.
 1 SYSTEMPATH/BaseModel.php(1680): CodeIgniter\Database\Exceptions\DataException::forEmptyDataset()
 2 SYSTEMPATH/BaseModel.php(910): CodeIgniter\BaseModel->transformDataToArray()
 3 SYSTEMPATH/Model.php(756): CodeIgniter\BaseModel->update()
 4 APPPATH/Models/User_model.php(37): CodeIgniter\Model->update()
 5 APPPATH/Controllers/Profile.php(43): App\Models\User_model->updateProfile()
 6 SYSTEMPATH/CodeIgniter.php(934): App\Controllers\Profile->update_profile()
 7 SYSTEMPATH/CodeIgniter.php(499): CodeIgniter\CodeIgniter->runController()
 8 SYSTEMPATH/CodeIgniter.php(368): CodeIgniter\CodeIgniter->handleRequest()
 9 FCPATH/index.php(67): CodeIgniter\CodeIgniter->run()
CRITICAL - 2023-04-23 15:11:21 --> Undefined variable $photoName
in APPPATH/Controllers/Profile.php on line 38.
 1 APPPATH/Controllers/Profile.php(38): CodeIgniter\Debug\Exceptions->errorHandler()
 2 SYSTEMPATH/CodeIgniter.php(934): App\Controllers\Profile->update_profile()
 3 SYSTEMPATH/CodeIgniter.php(499): CodeIgniter\CodeIgniter->runController()
 4 SYSTEMPATH/CodeIgniter.php(368): CodeIgniter\CodeIgniter->handleRequest()
 5 FCPATH/index.php(67): CodeIgniter\CodeIgniter->run()
CRITICAL - 2023-04-23 15:13:02 --> There is no data to update.
in SYSTEMPATH/BaseModel.php on line 1680.
 1 SYSTEMPATH/BaseModel.php(1680): CodeIgniter\Database\Exceptions\DataException::forEmptyDataset()
 2 SYSTEMPATH/BaseModel.php(910): CodeIgniter\BaseModel->transformDataToArray()
 3 SYSTEMPATH/Model.php(756): CodeIgniter\BaseModel->update()
 4 APPPATH/Models/User_model.php(37): CodeIgniter\Model->update()
 5 APPPATH/Controllers/Profile.php(42): App\Models\User_model->updateProfile()
 6 SYSTEMPATH/CodeIgniter.php(934): App\Controllers\Profile->update_profile()
 7 SYSTEMPATH/CodeIgniter.php(499): CodeIgniter\CodeIgniter->runController()
 8 SYSTEMPATH/CodeIgniter.php(368): CodeIgniter\CodeIgniter->handleRequest()
 9 FCPATH/index.php(67): CodeIgniter\CodeIgniter->run()
CRITICAL - 2023-04-23 15:14:38 --> There is no data to update.
in SYSTEMPATH/BaseModel.php on line 1680.
 1 SYSTEMPATH/BaseModel.php(1680): CodeIgniter\Database\Exceptions\DataException::forEmptyDataset()
 2 SYSTEMPATH/BaseModel.php(910): CodeIgniter\BaseModel->transformDataToArray()
 3 SYSTEMPATH/Model.php(756): CodeIgniter\BaseModel->update()
 4 APPPATH/Models/User_model.php(37): CodeIgniter\Model->update()
 5 APPPATH/Controllers/Profile.php(42): App\Models\User_model->updateProfile()
 6 SYSTEMPATH/CodeIgniter.php(934): App\Controllers\Profile->update_profile()
 7 SYSTEMPATH/CodeIgniter.php(499): CodeIgniter\CodeIgniter->runController()
 8 SYSTEMPATH/CodeIgniter.php(368): CodeIgniter\CodeIgniter->handleRequest()
 9 FCPATH/index.php(67): CodeIgniter\CodeIgniter->run()
CRITICAL - 2023-04-23 15:17:00 --> There is no data to update.
in SYSTEMPATH/BaseModel.php on line 1680.
 1 SYSTEMPATH/BaseModel.php(1680): CodeIgniter\Database\Exceptions\DataException::forEmptyDataset()
 2 SYSTEMPATH/BaseModel.php(910): CodeIgniter\BaseModel->transformDataToArray()
 3 SYSTEMPATH/Model.php(756): CodeIgniter\BaseModel->update()
 4 APPPATH/Models/User_model.php(37): CodeIgniter\Model->update()
 5 APPPATH/Controllers/Profile.php(43): App\Models\User_model->updateProfile()
 6 SYSTEMPATH/CodeIgniter.php(934): App\Controllers\Profile->update_profile()
 7 SYSTEMPATH/CodeIgniter.php(499): CodeIgniter\CodeIgniter->runController()
 8 SYSTEMPATH/CodeIgniter.php(368): CodeIgniter\CodeIgniter->handleRequest()
 9 FCPATH/index.php(67): CodeIgniter\CodeIgniter->run()
CRITICAL - 2023-04-23 15:17:09 --> There is no data to update.
in SYSTEMPATH/BaseModel.php on line 1680.
 1 SYSTEMPATH/BaseModel.php(1680): CodeIgniter\Database\Exceptions\DataException::forEmptyDataset()
 2 SYSTEMPATH/BaseModel.php(910): CodeIgniter\BaseModel->transformDataToArray()
 3 SYSTEMPATH/Model.php(756): CodeIgniter\BaseModel->update()
 4 APPPATH/Models/User_model.php(37): CodeIgniter\Model->update()
 5 APPPATH/Controllers/Profile.php(43): App\Models\User_model->updateProfile()
 6 SYSTEMPATH/CodeIgniter.php(934): App\Controllers\Profile->update_profile()
 7 SYSTEMPATH/CodeIgniter.php(499): CodeIgniter\CodeIgniter->runController()
 8 SYSTEMPATH/CodeIgniter.php(368): CodeIgniter\CodeIgniter->handleRequest()
 9 FCPATH/index.php(67): CodeIgniter\CodeIgniter->run()
CRITICAL - 2023-04-23 15:27:05 --> There is no data to update.
in SYSTEMPATH/BaseModel.php on line 1680.
 1 SYSTEMPATH/BaseModel.php(1680): CodeIgniter\Database\Exceptions\DataException::forEmptyDataset()
 2 SYSTEMPATH/BaseModel.php(910): CodeIgniter\BaseModel->transformDataToArray()
 3 SYSTEMPATH/Model.php(756): CodeIgniter\BaseModel->update()
 4 APPPATH/Models/User_model.php(46): CodeIgniter\Model->update()
 5 APPPATH/Controllers/Profile.php(44): App\Models\User_model->updateProfile()
 6 SYSTEMPATH/CodeIgniter.php(934): App\Controllers\Profile->update_profile()
 7 SYSTEMPATH/CodeIgniter.php(499): CodeIgniter\CodeIgniter->runController()
 8 SYSTEMPATH/CodeIgniter.php(368): CodeIgniter\CodeIgniter->handleRequest()
 9 FCPATH/index.php(67): CodeIgniter\CodeIgniter->run()
CRITICAL - 2023-04-23 15:31:58 --> Array to string conversion
in APPPATH/Controllers/Profile.php on line 41.
 1 APPPATH/Controllers/Profile.php(41): CodeIgniter\Debug\Exceptions->errorHandler()
 2 SYSTEMPATH/CodeIgniter.php(934): App\Controllers\Profile->update_profile()
 3 SYSTEMPATH/CodeIgniter.php(499): CodeIgniter\CodeIgniter->runController()
 4 SYSTEMPATH/CodeIgniter.php(368): CodeIgniter\CodeIgniter->handleRequest()
 5 FCPATH/index.php(67): CodeIgniter\CodeIgniter->run()
CRITICAL - 2023-04-23 15:32:16 --> Array to string conversion
in APPPATH/Controllers/Profile.php on line 41.
 1 APPPATH/Controllers/Profile.php(41): CodeIgniter\Debug\Exceptions->errorHandler()
 2 SYSTEMPATH/CodeIgniter.php(934): App\Controllers\Profile->update_profile()
 3 SYSTEMPATH/CodeIgniter.php(499): CodeIgniter\CodeIgniter->runController()
 4 SYSTEMPATH/CodeIgniter.php(368): CodeIgniter\CodeIgniter->handleRequest()
 5 FCPATH/index.php(67): CodeIgniter\CodeIgniter->run()
ERROR - 2023-04-23 15:36:04 --> mysqli_sql_exception: Unknown column 'users.id' in 'where clause' in /var/www/htdocs/project/system/Database/MySQLi/Connection.php:295
Stack trace:
#0 /var/www/htdocs/project/system/Database/MySQLi/Connection.php(295): mysqli->query()
#1 /var/www/htdocs/project/system/Database/BaseConnection.php(691): CodeIgniter\Database\MySQLi\Connection->execute()
#2 /var/www/htdocs/project/system/Database/BaseConnection.php(605): CodeIgniter\Database\BaseConnection->simpleQuery()
#3 /var/www/htdocs/project/system/Database/BaseBuilder.php(2476): CodeIgniter\Database\BaseConnection->query()
#4 /var/www/htdocs/project/system/Model.php(396): CodeIgniter\Database\BaseBuilder->update()
#5 /var/www/htdocs/project/system/BaseModel.php(943): CodeIgniter\Model->doUpdate()
#6 /var/www/htdocs/project/system/Model.php(756): CodeIgniter\BaseModel->update()
#7 /var/www/htdocs/project/app/Models/User_model.php(46): CodeIgniter\Model->update()
#8 /var/www/htdocs/project/app/Controllers/Profile.php(43): App\Models\User_model->updateProfile()
#9 /var/www/htdocs/project/system/CodeIgniter.php(934): App\Controllers\Profile->update_profile()
#10 /var/www/htdocs/project/system/CodeIgniter.php(499): CodeIgniter\CodeIgniter->runController()
#11 /var/www/htdocs/project/system/CodeIgniter.php(368): CodeIgniter\CodeIgniter->handleRequest()
#12 /var/www/htdocs/project/public/index.php(67): CodeIgniter\CodeIgniter->run()
#13 {main}
CRITICAL - 2023-04-23 15:36:04 --> Unknown column 'users.id' in 'where clause'
in SYSTEMPATH/Database/BaseConnection.php on line 645.
 1 SYSTEMPATH/Database/BaseBuilder.php(2476): CodeIgniter\Database\BaseConnection->query()
 2 SYSTEMPATH/Model.php(396): CodeIgniter\Database\BaseBuilder->update()
 3 SYSTEMPATH/BaseModel.php(943): CodeIgniter\Model->doUpdate()
 4 SYSTEMPATH/Model.php(756): CodeIgniter\BaseModel->update()
 5 APPPATH/Models/User_model.php(46): CodeIgniter\Model->update()
 6 APPPATH/Controllers/Profile.php(43): App\Models\User_model->updateProfile()
 7 SYSTEMPATH/CodeIgniter.php(934): App\Controllers\Profile->update_profile()
 8 SYSTEMPATH/CodeIgniter.php(499): CodeIgniter\CodeIgniter->runController()
 9 SYSTEMPATH/CodeIgniter.php(368): CodeIgniter\CodeIgniter->handleRequest()
10 FCPATH/index.php(67): CodeIgniter\CodeIgniter->run()
CRITICAL - 2023-04-23 15:37:15 --> There is no data to update.
in SYSTEMPATH/BaseModel.php on line 1680.
 1 SYSTEMPATH/BaseModel.php(1680): CodeIgniter\Database\Exceptions\DataException::forEmptyDataset()
 2 SYSTEMPATH/BaseModel.php(910): CodeIgniter\BaseModel->transformDataToArray()
 3 SYSTEMPATH/Model.php(756): CodeIgniter\BaseModel->update()
 4 APPPATH/Models/User_model.php(46): CodeIgniter\Model->update()
 5 APPPATH/Controllers/Profile.php(43): App\Models\User_model->updateProfile()
 6 SYSTEMPATH/CodeIgniter.php(934): App\Controllers\Profile->update_profile()
 7 SYSTEMPATH/CodeIgniter.php(499): CodeIgniter\CodeIgniter->runController()
 8 SYSTEMPATH/CodeIgniter.php(368): CodeIgniter\CodeIgniter->handleRequest()
 9 FCPATH/index.php(67): CodeIgniter\CodeIgniter->run()
CRITICAL - 2023-04-23 15:42:58 --> There is no data to update.
in SYSTEMPATH/BaseModel.php on line 1680.
 1 SYSTEMPATH/BaseModel.php(1680): CodeIgniter\Database\Exceptions\DataException::forEmptyDataset()
 2 SYSTEMPATH/BaseModel.php(910): CodeIgniter\BaseModel->transformDataToArray()
 3 SYSTEMPATH/Model.php(756): CodeIgniter\BaseModel->update()
 4 APPPATH/Models/User_model.php(46): CodeIgniter\Model->update()
 5 APPPATH/Controllers/Profile.php(44): App\Models\User_model->updateProfile()
 6 SYSTEMPATH/CodeIgniter.php(934): App\Controllers\Profile->update_profile()
 7 SYSTEMPATH/CodeIgniter.php(499): CodeIgniter\CodeIgniter->runController()
 8 SYSTEMPATH/CodeIgniter.php(368): CodeIgniter\CodeIgniter->handleRequest()
 9 FCPATH/index.php(67): CodeIgniter\CodeIgniter->run()
CRITICAL - 2023-04-23 15:44:41 --> There is no data to update.
in SYSTEMPATH/BaseModel.php on line 1680.
 1 SYSTEMPATH/BaseModel.php(1680): CodeIgniter\Database\Exceptions\DataException::forEmptyDataset()
 2 SYSTEMPATH/BaseModel.php(910): CodeIgniter\BaseModel->transformDataToArray()
 3 SYSTEMPATH/Model.php(756): CodeIgniter\BaseModel->update()
 4 APPPATH/Models/User_model.php(46): CodeIgniter\Model->update()
 5 APPPATH/Controllers/Profile.php(45): App\Models\User_model->updateProfile()
 6 SYSTEMPATH/CodeIgniter.php(934): App\Controllers\Profile->update_profile()
 7 SYSTEMPATH/CodeIgniter.php(499): CodeIgniter\CodeIgniter->runController()
 8 SYSTEMPATH/CodeIgniter.php(368): CodeIgniter\CodeIgniter->handleRequest()
 9 FCPATH/index.php(67): CodeIgniter\CodeIgniter->run()
CRITICAL - 2023-04-23 15:48:04 --> Call to undefined method CodeIgniter\Database\MySQLi\Connection::where()
in APPPATH/Models/User_model.php on line 45.
 1 APPPATH/Controllers/Profile.php(45): App\Models\User_model->updateProfile()
 2 SYSTEMPATH/CodeIgniter.php(934): App\Controllers\Profile->update_profile()
 3 SYSTEMPATH/CodeIgniter.php(499): CodeIgniter\CodeIgniter->runController()
 4 SYSTEMPATH/CodeIgniter.php(368): CodeIgniter\CodeIgniter->handleRequest()
 5 FCPATH/index.php(67): CodeIgniter\CodeIgniter->run()
CRITICAL - 2023-04-23 15:58:06 --> Undefined variable $table
in APPPATH/Models/User_model.php on line 46.
 1 APPPATH/Models/User_model.php(46): CodeIgniter\Debug\Exceptions->errorHandler()
 2 APPPATH/Controllers/Profile.php(45): App\Models\User_model->updateProfile()
 3 SYSTEMPATH/CodeIgniter.php(934): App\Controllers\Profile->update_profile()
 4 SYSTEMPATH/CodeIgniter.php(499): CodeIgniter\CodeIgniter->runController()
 5 SYSTEMPATH/CodeIgniter.php(368): CodeIgniter\CodeIgniter->handleRequest()
 6 FCPATH/index.php(67): CodeIgniter\CodeIgniter->run()
ERROR - 2023-04-23 15:58:42 --> mysqli_sql_exception: Unknown column 'users.id' in 'where clause' in /var/www/htdocs/project/system/Database/MySQLi/Connection.php:295
Stack trace:
#0 /var/www/htdocs/project/system/Database/MySQLi/Connection.php(295): mysqli->query()
#1 /var/www/htdocs/project/system/Database/BaseConnection.php(691): CodeIgniter\Database\MySQLi\Connection->execute()
#2 /var/www/htdocs/project/system/Database/BaseConnection.php(605): CodeIgniter\Database\BaseConnection->simpleQuery()
#3 /var/www/htdocs/project/system/Database/BaseBuilder.php(2476): CodeIgniter\Database\BaseConnection->query()
#4 /var/www/htdocs/project/system/Model.php(396): CodeIgniter\Database\BaseBuilder->update()
#5 /var/www/htdocs/project/system/BaseModel.php(943): CodeIgniter\Model->doUpdate()
#6 /var/www/htdocs/project/system/Model.php(756): CodeIgniter\BaseModel->update()
#7 /var/www/htdocs/project/app/Models/User_model.php(46): CodeIgniter\Model->update()
#8 /var/www/htdocs/project/app/Controllers/Profile.php(45): App\Models\User_model->updateProfile()
#9 /var/www/htdocs/project/system/CodeIgniter.php(934): App\Controllers\Profile->update_profile()
#10 /var/www/htdocs/project/system/CodeIgniter.php(499): CodeIgniter\CodeIgniter->runController()
#11 /var/www/htdocs/project/system/CodeIgniter.php(368): CodeIgniter\CodeIgniter->handleRequest()
#12 /var/www/htdocs/project/public/index.php(67): CodeIgniter\CodeIgniter->run()
#13 {main}
CRITICAL - 2023-04-23 15:58:42 --> Unknown column 'users.id' in 'where clause'
in SYSTEMPATH/Database/BaseConnection.php on line 645.
 1 SYSTEMPATH/Database/BaseBuilder.php(2476): CodeIgniter\Database\BaseConnection->query()
 2 SYSTEMPATH/Model.php(396): CodeIgniter\Database\BaseBuilder->update()
 3 SYSTEMPATH/BaseModel.php(943): CodeIgniter\Model->doUpdate()
 4 SYSTEMPATH/Model.php(756): CodeIgniter\BaseModel->update()
 5 APPPATH/Models/User_model.php(46): CodeIgniter\Model->update()
 6 APPPATH/Controllers/Profile.php(45): App\Models\User_model->updateProfile()
 7 SYSTEMPATH/CodeIgniter.php(934): App\Controllers\Profile->update_profile()
 8 SYSTEMPATH/CodeIgniter.php(499): CodeIgniter\CodeIgniter->runController()
 9 SYSTEMPATH/CodeIgniter.php(368): CodeIgniter\CodeIgniter->handleRequest()
10 FCPATH/index.php(67): CodeIgniter\CodeIgniter->run()
CRITICAL - 2023-04-23 16:01:18 --> There is no data to update.
in SYSTEMPATH/BaseModel.php on line 1680.
 1 SYSTEMPATH/BaseModel.php(1680): CodeIgniter\Database\Exceptions\DataException::forEmptyDataset()
 2 SYSTEMPATH/BaseModel.php(910): CodeIgniter\BaseModel->transformDataToArray()
 3 SYSTEMPATH/Model.php(756): CodeIgniter\BaseModel->update()
 4 APPPATH/Models/User_model.php(45): CodeIgniter\Model->update()
 5 APPPATH/Controllers/Profile.php(45): App\Models\User_model->updateProfile()
 6 SYSTEMPATH/CodeIgniter.php(934): App\Controllers\Profile->update_profile()
 7 SYSTEMPATH/CodeIgniter.php(499): CodeIgniter\CodeIgniter->runController()
 8 SYSTEMPATH/CodeIgniter.php(368): CodeIgniter\CodeIgniter->handleRequest()
 9 FCPATH/index.php(67): CodeIgniter\CodeIgniter->run()
CRITICAL - 2023-04-23 16:02:02 --> There is no data to update.
in SYSTEMPATH/BaseModel.php on line 1680.
 1 SYSTEMPATH/BaseModel.php(1680): CodeIgniter\Database\Exceptions\DataException::forEmptyDataset()
 2 SYSTEMPATH/BaseModel.php(910): CodeIgniter\BaseModel->transformDataToArray()
 3 SYSTEMPATH/Model.php(756): CodeIgniter\BaseModel->update()
 4 APPPATH/Models/User_model.php(46): CodeIgniter\Model->update()
 5 APPPATH/Controllers/Profile.php(45): App\Models\User_model->updateProfile()
 6 SYSTEMPATH/CodeIgniter.php(934): App\Controllers\Profile->update_profile()
 7 SYSTEMPATH/CodeIgniter.php(499): CodeIgniter\CodeIgniter->runController()
 8 SYSTEMPATH/CodeIgniter.php(368): CodeIgniter\CodeIgniter->handleRequest()
 9 FCPATH/index.php(67): CodeIgniter\CodeIgniter->run()
CRITICAL - 2023-04-23 16:05:54 --> There is no data to update.
in SYSTEMPATH/BaseModel.php on line 1680.
 1 SYSTEMPATH/BaseModel.php(1680): CodeIgniter\Database\Exceptions\DataException::forEmptyDataset()
 2 SYSTEMPATH/BaseModel.php(910): CodeIgniter\BaseModel->transformDataToArray()
 3 SYSTEMPATH/Model.php(756): CodeIgniter\BaseModel->update()
 4 APPPATH/Models/User_model.php(45): CodeIgniter\Model->update()
 5 APPPATH/Controllers/Profile.php(45): App\Models\User_model->updateProfile()
 6 SYSTEMPATH/CodeIgniter.php(934): App\Controllers\Profile->update_profile()
 7 SYSTEMPATH/CodeIgniter.php(499): CodeIgniter\CodeIgniter->runController()
 8 SYSTEMPATH/CodeIgniter.php(368): CodeIgniter\CodeIgniter->handleRequest()
 9 FCPATH/index.php(67): CodeIgniter\CodeIgniter->run()
ERROR - 2023-04-23 16:07:32 --> mysqli_sql_exception: Unknown column 'users.id' in 'where clause' in /var/www/htdocs/project/system/Database/MySQLi/Connection.php:295
Stack trace:
#0 /var/www/htdocs/project/system/Database/MySQLi/Connection.php(295): mysqli->query()
#1 /var/www/htdocs/project/system/Database/BaseConnection.php(691): CodeIgniter\Database\MySQLi\Connection->execute()
#2 /var/www/htdocs/project/system/Database/BaseConnection.php(605): CodeIgniter\Database\BaseConnection->simpleQuery()
#3 /var/www/htdocs/project/system/Database/BaseBuilder.php(2476): CodeIgniter\Database\BaseConnection->query()
#4 /var/www/htdocs/project/system/Model.php(396): CodeIgniter\Database\BaseBuilder->update()
#5 /var/www/htdocs/project/system/BaseModel.php(943): CodeIgniter\Model->doUpdate()
#6 /var/www/htdocs/project/system/Model.php(756): CodeIgniter\BaseModel->update()
#7 /var/www/htdocs/project/app/Models/User_model.php(45): CodeIgniter\Model->update()
#8 /var/www/htdocs/project/app/Controllers/Profile.php(45): App\Models\User_model->updateProfile()
#9 /var/www/htdocs/project/system/CodeIgniter.php(934): App\Controllers\Profile->update_profile()
#10 /var/www/htdocs/project/system/CodeIgniter.php(499): CodeIgniter\CodeIgniter->runController()
#11 /var/www/htdocs/project/system/CodeIgniter.php(368): CodeIgniter\CodeIgniter->handleRequest()
#12 /var/www/htdocs/project/public/index.php(67): CodeIgniter\CodeIgniter->run()
#13 {main}
CRITICAL - 2023-04-23 16:07:32 --> Unknown column 'users.id' in 'where clause'
in SYSTEMPATH/Database/BaseConnection.php on line 645.
 1 SYSTEMPATH/Database/BaseBuilder.php(2476): CodeIgniter\Database\BaseConnection->query()
 2 SYSTEMPATH/Model.php(396): CodeIgniter\Database\BaseBuilder->update()
 3 SYSTEMPATH/BaseModel.php(943): CodeIgniter\Model->doUpdate()
 4 SYSTEMPATH/Model.php(756): CodeIgniter\BaseModel->update()
 5 APPPATH/Models/User_model.php(45): CodeIgniter\Model->update()
 6 APPPATH/Controllers/Profile.php(45): App\Models\User_model->updateProfile()
 7 SYSTEMPATH/CodeIgniter.php(934): App\Controllers\Profile->update_profile()
 8 SYSTEMPATH/CodeIgniter.php(499): CodeIgniter\CodeIgniter->runController()
 9 SYSTEMPATH/CodeIgniter.php(368): CodeIgniter\CodeIgniter->handleRequest()
10 FCPATH/index.php(67): CodeIgniter\CodeIgniter->run()
