CRITICAL - 2023-05-14 10:16:05 --> Declaration of App\Models\Wishlist_model::delete($video_id) must be compatible with CodeIgniter\BaseModel::delete($id = null, bool $purge = false)
in APPPATH/Models/Wishlist_model.php on line 27.
 1 [internal function]: CodeIgniter\Debug\Exceptions->shutdownHandler()
CRITICAL - 2023-05-14 10:19:48 --> Declaration of App\Models\Wishlist_model::delete($user_id, $video_id) must be compatible with CodeIgniter\BaseModel::delete($id = null, bool $purge = false)
in APPPATH/Models/Wishlist_model.php on line 27.
 1 [internal function]: CodeIgniter\Debug\Exceptions->shutdownHandler()
CRITICAL - 2023-05-14 10:20:16 --> Declaration of App\Models\Wishlist_model::delete($user_id, $video_id) must be compatible with CodeIgniter\BaseModel::delete($id = null, bool $purge = false)
in APPPATH/Models/Wishlist_model.php on line 27.
 1 [internal function]: CodeIgniter\Debug\Exceptions->shutdownHandler()
CRITICAL - 2023-05-14 10:20:17 --> Declaration of App\Models\Wishlist_model::delete($user_id, $video_id) must be compatible with CodeIgniter\BaseModel::delete($id = null, bool $purge = false)
in APPPATH/Models/Wishlist_model.php on line 27.
 1 [internal function]: CodeIgniter\Debug\Exceptions->shutdownHandler()
CRITICAL - 2023-05-14 10:20:24 --> Undefined array key "video_id"
in APPPATH/Views/wishlist.php on line 53.
 1 APPPATH/Views/wishlist.php(53): CodeIgniter\Debug\Exceptions->errorHandler()
 2 SYSTEMPATH/View/View.php(213): include('APPPATH/Views/wishlist.php')
 3 SYSTEMPATH/View/View.php(216): CodeIgniter\View\View->CodeIgniter\View\{closure}()
 4 SYSTEMPATH/Common.php(1184): CodeIgniter\View\View->render()
 5 APPPATH/Controllers/Wishlist.php(36): view()
 6 SYSTEMPATH/CodeIgniter.php(934): App\Controllers\Wishlist->index()
 7 SYSTEMPATH/CodeIgniter.php(499): CodeIgniter\CodeIgniter->runController()
 8 SYSTEMPATH/CodeIgniter.php(368): CodeIgniter\CodeIgniter->handleRequest()
 9 FCPATH/index.php(67): CodeIgniter\CodeIgniter->run()
